Info: CustomCategory:evolutionary_delivery: 4 mini seconds publishing element
Info: DeliveryProcess:evolutionary_delivery: 291 mini seconds publishing element
Info: DeliveryProcess:evolutionary_delivery: 361 mini seconds publishing process specific layout data
Info: Phase:software_concept: 152 mini seconds publishing element
Info: Phase:Preliminary Software: 128 mini seconds publishing element
Info: Phase:Design Architecture and System Core: 230 mini seconds publishing element
Info: Phase:Develop a Version: 127 mini seconds publishing element
Info: Phase:deliver_the_version: 133 mini seconds publishing element
Info: Phase:Elicit Customer Feedback: 96 mini seconds publishing element
Info: Phase:Incorporate Customer Feedback: 124 mini seconds publishing element
Info: Phase:Deliver Final Version: 84 mini seconds publishing element
Info: CustomCategory:disciplines: 4 mini seconds publishing element
Info: Discipline:software_concept: 8 mini seconds publishing element
Info: Task:define_vision: 4 mini seconds publishing element
Info: Task:gather_requirements: 8 mini seconds publishing element
Info: Task:generate_requirements: 8 mini seconds publishing element
Info: Discipline:preliminary_requirements_analysis: 4 mini seconds publishing element
Info: Task:identify_risks: 4 mini seconds publishing element
Info: Task:requirements_analysis: 8 mini seconds publishing element
Info: Task:requirements_prioritization: 4 mini seconds publishing element
Info: Task:requirements_validation: 4 mini seconds publishing element
Info: Discipline:design_of_architecture_and_system_core: 4 mini seconds publishing element
Info: Task:design_architecture: 4 mini seconds publishing element
Info: Task:develop_test_plan: 4 mini seconds publishing element
Info: Task:identify_opportunities_for_reuse_and_integration: 8 mini seconds publishing element
Info: Task:identify_technologies: 4 mini seconds publishing element
Info: Task:implement_architecture: 8 mini seconds publishing element
Info: Task:implement_risky_requirements: 7 mini seconds publishing element
Info: Task:validate_preliminary_builds_with_stakeholders: 4 mini seconds publishing element
Info: Task:verify_architectures_adherence_to_requirements: 16 mini seconds publishing element
Info: Discipline:develop_a_version: 4 mini seconds publishing element
Info: Task:identify_prioritized_requirements_to_address_in_iteration: 4 mini seconds publishing element
Info: Task:implement_the_version: 12 mini seconds publishing element
Info: Task:test_to_assure_that_functionality_is_conforming_to_requirements: 12 mini seconds publishing element
Info: Discipline:deliver_the_version: 4 mini seconds publishing element
Info: Task:develop_user_acceptance_test_plan: 4 mini seconds publishing element
Info: Task:execute_user_acceptance_tests: 4 mini seconds publishing element
Info: Discipline:elicit_customer_feedback: 4 mini seconds publishing element
Info: Task:clean_and_analyze_feedback: 8 mini seconds publishing element
Info: Discipline:incorporate_customer_feedback: 8 mini seconds publishing element
Info: Task:impact_analysis_of_new_requirements: 4 mini seconds publishing element
Info: Task:manage_requirements_change: 4 mini seconds publishing element
Info: Discipline:deliver_final_version: 4 mini seconds publishing element
Info: Task:distribution_of_software: 4 mini seconds publishing element
Info: CustomCategory:roles_1: 8 mini seconds publishing element
Info: Role:business_analyst: 57 mini seconds publishing element
Info: Role:developer: 32 mini seconds publishing element
Info: Role:project_manager: 52 mini seconds publishing element
Info: Role:qa_analyst: 20 mini seconds publishing element
Info: Role:stakeholder: 24 mini seconds publishing element
Info: Role:system_architect: 124 mini seconds publishing element
Info: TaskDescriptor:define_vision: 12 mini seconds publishing element
Info: TaskDescriptor:gather_requirements: 8 mini seconds publishing element
Info: TaskDescriptor:generate_requirements: 4 mini seconds publishing element
Info: TaskDescriptor:requirements_analysis: 8 mini seconds publishing element
Info: TaskDescriptor:identify_risks: 4 mini seconds publishing element
Info: TaskDescriptor:requirements_prioritization: 36 mini seconds publishing element
Info: TaskDescriptor:requirements_validation: 24 mini seconds publishing element
Info: TaskDescriptor:design_architecture: 24 mini seconds publishing element
Info: TaskDescriptor:identify_technologies: 20 mini seconds publishing element
Info: TaskDescriptor:develop_test_plan: 23 mini seconds publishing element
Info: TaskDescriptor:identify_opportunities_for_reuse_and_integration: 24 mini seconds publishing element
Info: TaskDescriptor:implement_architecture: 44 mini seconds publishing element
Info: TaskDescriptor:implement_risky_requirements: 24 mini seconds publishing element
Info: TaskDescriptor:verify_architectures_adherence_to_requirements: 24 mini seconds publishing element
Info: TaskDescriptor:validate_preliminary_builds_with_stakeholders: 44 mini seconds publishing element
Info: TaskDescriptor:identify_prioritized_requirements_to_address_in_iteration: 8 mini seconds publishing element
Info: TaskDescriptor:implement_the_version: 24 mini seconds publishing element
Info: TaskDescriptor:test_to_assure_that_functionality_is_conforming_to_requirements: 24 mini seconds publishing element
Info: TaskDescriptor:develop_user_acceptance_test_plan: 8 mini seconds publishing element
Info: TaskDescriptor:execute_user_acceptance_tests: 40 mini seconds publishing element
Info: TaskDescriptor:clean_and_analyze_feedback: 4 mini seconds publishing element
Info: TaskDescriptor:impact_analysis_of_new_requirements: 36 mini seconds publishing element
Info: TaskDescriptor:manage_requirements_change: 25 mini seconds publishing element
Info: TaskDescriptor:distribution_of_software: 4 mini seconds publishing element
Info: RoleDescriptor:business_analyst: 8 mini seconds publishing element
Info: RoleDescriptor:developer: 12 mini seconds publishing element
Info: RoleDescriptor:project_manager: 4 mini seconds publishing element
Info: RoleDescriptor:qa_analyst: 7 mini seconds publishing element
Info: RoleDescriptor:stakeholder: 4 mini seconds publishing element
Info: RoleDescriptor:system_architect: 20 mini seconds publishing element
Info: WorkProductDescriptor:approval_for_implemented_version: 8 mini seconds publishing element
Info: WorkProductDescriptor:approval_from_architect: 8 mini seconds publishing element
Info: WorkProductDescriptor:approval_to_begin_development: 20 mini seconds publishing element
Info: WorkProductDescriptor:architecture_outline_document: 15 mini seconds publishing element
Info: WorkProductDescriptor:bug_report: 6 mini seconds publishing element
Info: WorkProductDescriptor:code_documentation: 4 mini seconds publishing element
Info: WorkProductDescriptor:configuration_plan: 8 mini seconds publishing element
Info: WorkProductDescriptor:final_functional_version: 4 mini seconds publishing element
Info: WorkProductDescriptor:formal_requirements_document: 8 mini seconds publishing element
Info: WorkProductDescriptor:implemented_version: 8 mini seconds publishing element
Info: WorkProductDescriptor:initial_authorization: 4 mini seconds publishing element
Info: WorkProductDescriptor:initial_requirements_document: 20 mini seconds publishing element
Info: WorkProductDescriptor:iteration_plan: 8 mini seconds publishing element
Info: WorkProductDescriptor:partially_functional_build: 8 mini seconds publishing element
Info: WorkProductDescriptor:prioritized_requirements: 8 mini seconds publishing element
Info: WorkProductDescriptor:project_specification: 4 mini seconds publishing element
Info: WorkProductDescriptor:requirements_change_request: 8 mini seconds publishing element
Info: WorkProductDescriptor:requirements_gathering_plan: 4 mini seconds publishing element
Info: WorkProductDescriptor:requirements_transcript: 20 mini seconds publishing element
Info: WorkProductDescriptor:reuse_reccomendation: 24 mini seconds publishing element
Info: WorkProductDescriptor:risk_chart: 24 mini seconds publishing element
Info: WorkProductDescriptor:system_architecture: 20 mini seconds publishing element
Info: WorkProductDescriptor:technology_recommendations: 24 mini seconds publishing element
Info: WorkProductDescriptor:test_cases: 4 mini seconds publishing element
Info: WorkProductDescriptor:test_execution_results: 20 mini seconds publishing element
Info: WorkProductDescriptor:test_plan: 4 mini seconds publishing element
Info: WorkProductDescriptor:user_acceptance_test_feedback: 4 mini seconds publishing element
Info: WorkProductDescriptor:user_acceptance_test_plan: 28 mini seconds publishing element
Info: WorkProductDescriptor:user_documentation: 4 mini seconds publishing element
Info: WorkProductDescriptor:vision_document: 24 mini seconds publishing element
Info: RoleDescriptor:business_analyst: 24 mini seconds publishing element
Info: RoleDescriptor:project_manager: 4 mini seconds publishing element
Info: RoleDescriptor:stakeholder: 8 mini seconds publishing element
Info: WorkProductDescriptor:initial_requirements_document: 4 mini seconds publishing element
Info: WorkProductDescriptor:vision_document: 20 mini seconds publishing element
Info: RoleDescriptor:business_analyst: 8 mini seconds publishing element
Info: RoleDescriptor:project_manager: 8 mini seconds publishing element
Info: RoleDescriptor:stakeholder: 4 mini seconds publishing element
Info: RoleDescriptor:system_architect: 12 mini seconds publishing element
Info: WorkProductDescriptor:approval_to_begin_development: 20 mini seconds publishing element
Info: RoleDescriptor:developer: 8 mini seconds publishing element
Info: RoleDescriptor:project_manager: 4 mini seconds publishing element
Info: RoleDescriptor:qa_analyst: 4 mini seconds publishing element
Info: WorkProductDescriptor:formal_requirements_document: 8 mini seconds publishing element
Info: WorkProductDescriptor:partially_functional_build: 20 mini seconds publishing element
Info: WorkProductDescriptor:test_plan: 24 mini seconds publishing element
Info: RoleDescriptor:project_manager: 8 mini seconds publishing element
Info: RoleDescriptor:qa_analyst: 4 mini seconds publishing element
Info: RoleDescriptor:stakeholder: 24 mini seconds publishing element
Info: WorkProductDescriptor:formal_requirements_document: 20 mini seconds publishing element
Info: WorkProductDescriptor:implemented_version: 8 mini seconds publishing element
Info: WorkProductDescriptor:iteration_plan: 4 mini seconds publishing element
Info: RoleDescriptor:business_analyst: 4 mini seconds publishing element
Info: RoleDescriptor:developer: 4 mini seconds publishing element
Info: RoleDescriptor:project_manager: 28 mini seconds publishing element
Info: WorkProductDescriptor:user_acceptance_test_feedback: 4 mini seconds publishing element
Info: RoleDescriptor:business_analyst: 8 mini seconds publishing element
Info: RoleDescriptor:project_manager: 8 mini seconds publishing element
Info: RoleDescriptor:system_architect: 8 mini seconds publishing element
Info: WorkProductDescriptor:formal_requirements_document: 8 mini seconds publishing element
Info: WorkProductDescriptor:prioritized_requirements: 8 mini seconds publishing element
Info: WorkProductDescriptor:requirements_change_request: 24 mini seconds publishing element
Info: WorkProductDescriptor:risk_chart: 8 mini seconds publishing element
Info: RoleDescriptor:developer: 4 mini seconds publishing element
Info: RoleDescriptor:project_manager: 4 mini seconds publishing element
Info: WorkProductDescriptor:final_functional_version: 25 mini seconds publishing element
Info: WorkProductDescriptor:user_documentation: 23 mini seconds publishing element
Info: Artifact:initial_authorization: 8 mini seconds publishing element
Info: Artifact:requirements_gathering_plan: 4 mini seconds publishing element
Info: Artifact:vision_document: 12 mini seconds publishing element
Info: Artifact:requirements_transcript: 8 mini seconds publishing element
Info: Artifact:initial_requirements_document: 12 mini seconds publishing element
Info: Artifact:risk_chart: 8 mini seconds publishing element
Info: Artifact:project_specification: 8 mini seconds publishing element
Info: Artifact:prioritized_requirements: 4 mini seconds publishing element
Info: Artifact:approval_to_begin_development: 12 mini seconds publishing element
Info: Artifact:formal_requirements_document: 8 mini seconds publishing element
Info: Artifact:architecture_outline_document: 8 mini seconds publishing element
Info: Artifact:technology_recommendations: 4 mini seconds publishing element
Info: Artifact:test_plan: 8 mini seconds publishing element
Info: Artifact:reuse_reccomendation: 12 mini seconds publishing element
Info: Outcome:system_architecture: 13 mini seconds publishing element
Info: Outcome:partially_functional_build: 12 mini seconds publishing element
Info: Artifact:approval_from_architect: 4 mini seconds publishing element
Info: Artifact:iteration_plan: 8 mini seconds publishing element
Info: Outcome:code_documentation: 4 mini seconds publishing element
Info: Deliverable:final_functional_version: 12 mini seconds publishing element
Info: Deliverable:implemented_version: 4 mini seconds publishing element
Info: Outcome:test_cases: 12 mini seconds publishing element
Info: Outcome:test_execution_results: 8 mini seconds publishing element
Info: Artifact:user_acceptance_test_plan: 8 mini seconds publishing element
Info: Deliverable:user_documentation: 8 mini seconds publishing element
Info: Artifact:approval_for_implemented_version: 4 mini seconds publishing element
Info: Artifact:user_acceptance_test_feedback: 8 mini seconds publishing element
Info: Artifact:bug_report: 8 mini seconds publishing element
Info: Artifact:requirements_change_request: 4 mini seconds publishing element
Info: Outcome:configuration_plan: 8 mini seconds publishing element
Info: Task:create_initial_requirements_document: 3 mini seconds publishing element
Info: Task:define_scope: 12 mini seconds publishing element
Info: Task:plan_requirements_gathering: 8 mini seconds publishing element
Info: Task:requirements_elicitation_meeting: 8 mini seconds publishing element
Info: : Publishing time: 0 minutes 4 seconds
